<?xml version="1.0" encoding="UTF-8"?>
<beans xmlns:xsi="http://www.w3.org/2001/XMLSchema-instance"
       xmlns="http://www.springframework.org/schema/beans"
       xmlns:context="http://www.springframework.org/schema/context"
       xmlns:util="http://www.springframework.org/schema/util"
       xsi:schemaLocation="http://www.springframework.org/schema/beans http://www.springframework.org/schema/beans/spring-beans.xsd
        http://www.springframework.org/schema/context http://www.springframework.org/schema/context/spring-context-4.2.xsd
        http://www.springframework.org/schema/util http://www.springframework.org/schema/util/spring-util.xsd">

    <context:property-placeholder location="classpath*:watcher.properties"/>

    <bean id="cameraPodworko" class="com.lukaszbaran.starter.watcher.CameraDescription">
        <constructor-arg index="0" value="podworko"/>
        <constructor-arg index="1" value="${starter.watcher.dir2watch}"/>
    </bean>

    <util:set id="cameraDescriptions" value-type="com.lukaszbaran.starter.watcher.CameraDescription">
        <ref bean="cameraPodworko" />
    </util:set>


    <bean id="watcher" class="com.lukaszbaran.starter.watcher.DirectoryWatcher">
        <property name="dir2watch" ref="cameraDescriptions" />
    </bean>

    <bean id="listener" class="com.lukaszbaran.starter.watcher.DirectoryWatcherListenerImpl">
        <property name="cameraDescriptions" ref="cameraDescriptions" />
        <property name="directoryWatcher" ref="watcher" />
    </bean>

    <bean id="pollThread" class="java.lang.Thread" init-method="start" destroy-method="interrupt">
        <constructor-arg ref="watcher"/>
    </bean>

    <context:component-scan base-package="com.lukaszbaran.starter.ui" />

    <bean class="org.springframework.web.servlet.view.InternalResourceViewResolver">
        <property name="prefix" value="/WEB-INF/jsp/" />
        <property name="suffix" value=".jsp" />
    </bean>

</beans>